<?xml version="1.0" encoding="UTF-8"?>
<!-- Generated by org.testng.reporters.JUnitXMLReporter -->
<testsuite ignored="6" hostname="LTIN718912" failures="0" tests="20" name="Functional Tests" time="17.03" errors="0" timestamp="2026-05-05T16:03:32 IST">
  <testcase classname="com.bms.tests.HomePageTest" name="testPageTitleAndLogo" time="0.143"/>
  <testcase classname="com.bms.tests.HomePageTest" name="testSearchBarInteraction" time="0.308"/>
  <testcase classname="com.bms.tests.HomePageTest" name="testFooterCopyrightYear" time="0.083"/>
  <testcase classname="com.bms.tests.HomePageTest" name="testNavigationToSignIn" time="0.436"/>
  <testcase classname="com.bms.tests.HomePageTest" name="testMoviesLinkNavigation" time="0.405"/>
  <testcase classname="com.bms.tests.MovieDashboardTest" name="testTotalMoviesDisplayed" time="0.057"/>
  <testcase classname="com.bms.tests.MovieDashboardTest" name="testSectionNavigationScroll" time="1.308"/>
  <testcase classname="com.bms.tests.MovieDashboardTest" name="testRecommendedSectionCount" time="0.045"/>
  <testcase classname="com.bms.tests.MovieDashboardTest" name="testTopRatedRibbonVisibility" time="0.063"/>
  <testcase classname="com.bms.tests.MovieDashboardTest" name="testMovieTitleIntegrity" time="0.082"/>
  <testcase classname="com.bms.tests.SportsFilterTest" name="testSportsPageNavigation" time="0.014"/>
  <testcase classname="com.bms.tests.SportsFilterTest" name="testTotalEventCount" time="0.068"/>
  <testcase classname="com.bms.tests.SportsFilterTest" name="testSearchFunctionality" time="0.371"/>
  <testcase classname="com.bms.tests.SportsFilterTest" name="testWeekendFilter" time="0.27"/>
  <testcase classname="com.bms.tests.SportsFilterTest" name="testClearAllFilters" time="4.626"/>
  <testcase classname="com.bms.tests.AuthenticationTest" name="testRegistrationTabVisibility" time="0.085"/>
  <testcase classname="com.bms.tests.AuthenticationTest" name="testSuccessfulRegistration" time="1.119"/>
  <testcase classname="com.bms.tests.AuthenticationTest" name="testInvalidLoginErrorMessage" time="0.522"/>
  <testcase classname="com.bms.tests.AuthenticationTest" name="testEmptyFieldsValidation" time="0.391"/>
  <testcase classname="com.bms.tests.AuthenticationTest" name="testSuccessfullLogin" time="0.424"/>
  <testcase classname="com.bms.base.BaseClass" name="@AfterSuite tearDown" time="0.0">
    <ignored/>
  </testcase> <!-- @AfterSuite tearDown -->
  <testcase classname="com.bms.base.BaseClass" name="@AfterSuite tearDown" time="0.0">
    <ignored/>
  </testcase> <!-- @AfterSuite tearDown -->
  <testcase classname="com.bms.base.BaseClass" name="@AfterSuite tearDown" time="0.0">
    <ignored/>
  </testcase> <!-- @AfterSuite tearDown -->
  <testcase classname="com.bms.base.BaseClass" name="@BeforeSuite setup" time="0.0">
    <ignored/>
  </testcase> <!-- @BeforeSuite setup -->
  <testcase classname="com.bms.base.BaseClass" name="@BeforeSuite setup" time="0.0">
    <ignored/>
  </testcase> <!-- @BeforeSuite setup -->
  <testcase classname="com.bms.base.BaseClass" name="@BeforeSuite setup" time="0.0">
    <ignored/>
  </testcase> <!-- @BeforeSuite setup -->
</testsuite> <!-- Functional Tests -->
