<?xml version="1.0" encoding="UTF-8"?>
<testng-results ignored="0" total="20" passed="20" failed="0" skipped="0">
  <reporter-output>
  </reporter-output>
  <suite started-at="2026-05-05T16:03:15 IST" name="BMS Regression Suite" finished-at="2026-05-05T16:03:32 IST" duration-ms="17030">
    <groups>
    </groups>
    <test started-at="2026-05-05T16:03:15 IST" name="Functional Tests" finished-at="2026-05-05T16:03:32 IST" duration-ms="17030">
      <class name="com.bms.tests.SportsFilterTest">
        <test-method is-config="true" signature="prepareSportsPage()[pri:0, instance:com.bms.tests.SportsFilterTest@2d1ef81a]" started-at="2026-05-05T16:03:21 IST" name="prepareSportsPage" finished-at="2026-05-05T16:03:22 IST" duration-ms="1040" status="PASS">
          <reporter-output>
          </reporter-output>
        </test-method> <!-- prepareSportsPage -->
        <test-method is-config="true" signature="extent()[pri:0, instance:com.bms.tests.SportsFilterTest@2d1ef81a]" started-at="2026-05-05T16:03:21 IST" name="extent" finished-at="2026-05-05T16:03:21 IST" duration-ms="0" status="PASS">
          <reporter-output>
          </reporter-output>
        </test-method> <!-- extent -->
        <test-method signature="testSportsPageNavigation()[pri:1, instance:com.bms.tests.SportsFilterTest@2d1ef81a]" started-at="2026-05-05T16:03:22 IST" name="testSportsPageNavigation" finished-at="2026-05-05T16:03:22 IST" duration-ms="14" status="PASS">
          <reporter-output>
          </reporter-output>
        </test-method> <!-- testSportsPageNavigation -->
        <test-method is-config="true" signature="prepareSportsPage()[pri:0, instance:com.bms.tests.SportsFilterTest@2d1ef81a]" started-at="2026-05-05T16:03:22 IST" name="prepareSportsPage" finished-at="2026-05-05T16:03:22 IST" duration-ms="292" status="PASS">
          <reporter-output>
          </reporter-output>
        </test-method> <!-- prepareSportsPage -->
        <test-method signature="testTotalEventCount()[pri:2, instance:com.bms.tests.SportsFilterTest@2d1ef81a]" started-at="2026-05-05T16:03:22 IST" name="testTotalEventCount" finished-at="2026-05-05T16:03:22 IST" duration-ms="68" status="PASS">
          <reporter-output>
          </reporter-output>
        </test-method> <!-- testTotalEventCount -->
        <test-method is-config="true" signature="prepareSportsPage()[pri:0, instance:com.bms.tests.SportsFilterTest@2d1ef81a]" started-at="2026-05-05T16:03:22 IST" name="prepareSportsPage" finished-at="2026-05-05T16:03:22 IST" duration-ms="283" status="PASS">
          <reporter-output>
          </reporter-output>
        </test-method> <!-- prepareSportsPage -->
        <test-method signature="testSearchFunctionality()[pri:3, instance:com.bms.tests.SportsFilterTest@2d1ef81a]" started-at="2026-05-05T16:03:22 IST" name="testSearchFunctionality" finished-at="2026-05-05T16:03:23 IST" duration-ms="371" status="PASS">
          <reporter-output>
          </reporter-output>
        </test-method> <!-- testSearchFunctionality -->
        <test-method is-config="true" signature="prepareSportsPage()[pri:0, instance:com.bms.tests.SportsFilterTest@2d1ef81a]" started-at="2026-05-05T16:03:23 IST" name="prepareSportsPage" finished-at="2026-05-05T16:03:23 IST" duration-ms="389" status="PASS">
          <reporter-output>
          </reporter-output>
        </test-method> <!-- prepareSportsPage -->
        <test-method signature="testWeekendFilter()[pri:4, instance:com.bms.tests.SportsFilterTest@2d1ef81a]" started-at="2026-05-05T16:03:23 IST" name="testWeekendFilter" finished-at="2026-05-05T16:03:23 IST" duration-ms="270" status="PASS">
          <reporter-output>
          </reporter-output>
        </test-method> <!-- testWeekendFilter -->
        <test-method is-config="true" signature="prepareSportsPage()[pri:0, instance:com.bms.tests.SportsFilterTest@2d1ef81a]" started-at="2026-05-05T16:03:23 IST" name="prepareSportsPage" finished-at="2026-05-05T16:03:24 IST" duration-ms="308" status="PASS">
          <reporter-output>
          </reporter-output>
        </test-method> <!-- prepareSportsPage -->
        <test-method signature="testClearAllFilters()[pri:5, instance:com.bms.tests.SportsFilterTest@2d1ef81a]" started-at="2026-05-05T16:03:24 IST" name="testClearAllFilters" finished-at="2026-05-05T16:03:28 IST" duration-ms="4626" status="PASS">
          <reporter-output>
          </reporter-output>
        </test-method> <!-- testClearAllFilters -->
      </class> <!-- com.bms.tests.SportsFilterTest -->
      <class name="com.bms.tests.MovieDashboardTest">
        <test-method is-config="true" signature="extent()[pri:0, instance:com.bms.tests.MovieDashboardTest@22ff4249]" started-at="2026-05-05T16:03:17 IST" name="extent" finished-at="2026-05-05T16:03:17 IST" duration-ms="0" status="PASS">
          <reporter-output>
          </reporter-output>
        </test-method> <!-- extent -->
        <test-method is-config="true" signature="prepareMoviesPage()[pri:0, instance:com.bms.tests.MovieDashboardTest@22ff4249]" started-at="2026-05-05T16:03:17 IST" name="prepareMoviesPage" finished-at="2026-05-05T16:03:18 IST" duration-ms="289" status="PASS">
          <reporter-output>
          </reporter-output>
        </test-method> <!-- prepareMoviesPage -->
        <test-method signature="testTotalMoviesDisplayed()[pri:1, instance:com.bms.tests.MovieDashboardTest@22ff4249]" started-at="2026-05-05T16:03:18 IST" name="testTotalMoviesDisplayed" finished-at="2026-05-05T16:03:18 IST" duration-ms="57" status="PASS">
          <reporter-output>
          </reporter-output>
        </test-method> <!-- testTotalMoviesDisplayed -->
        <test-method is-config="true" signature="prepareMoviesPage()[pri:0, instance:com.bms.tests.MovieDashboardTest@22ff4249]" started-at="2026-05-05T16:03:18 IST" name="prepareMoviesPage" finished-at="2026-05-05T16:03:18 IST" duration-ms="400" status="PASS">
          <reporter-output>
          </reporter-output>
        </test-method> <!-- prepareMoviesPage -->
        <test-method signature="testSectionNavigationScroll()[pri:2, instance:com.bms.tests.MovieDashboardTest@22ff4249]" started-at="2026-05-05T16:03:18 IST" name="testSectionNavigationScroll" finished-at="2026-05-05T16:03:19 IST" duration-ms="1308" status="PASS">
          <reporter-output>
          </reporter-output>
        </test-method> <!-- testSectionNavigationScroll -->
        <test-method is-config="true" signature="prepareMoviesPage()[pri:0, instance:com.bms.tests.MovieDashboardTest@22ff4249]" started-at="2026-05-05T16:03:19 IST" name="prepareMoviesPage" finished-at="2026-05-05T16:03:20 IST" duration-ms="354" status="PASS">
          <reporter-output>
          </reporter-output>
        </test-method> <!-- prepareMoviesPage -->
        <test-method signature="testRecommendedSectionCount()[pri:3, instance:com.bms.tests.MovieDashboardTest@22ff4249]" started-at="2026-05-05T16:03:20 IST" name="testRecommendedSectionCount" finished-at="2026-05-05T16:03:20 IST" duration-ms="45" status="PASS">
          <reporter-output>
          </reporter-output>
        </test-method> <!-- testRecommendedSectionCount -->
        <test-method is-config="true" signature="prepareMoviesPage()[pri:0, instance:com.bms.tests.MovieDashboardTest@22ff4249]" started-at="2026-05-05T16:03:20 IST" name="prepareMoviesPage" finished-at="2026-05-05T16:03:20 IST" duration-ms="335" status="PASS">
          <reporter-output>
          </reporter-output>
        </test-method> <!-- prepareMoviesPage -->
        <test-method signature="testTopRatedRibbonVisibility()[pri:4, instance:com.bms.tests.MovieDashboardTest@22ff4249]" started-at="2026-05-05T16:03:20 IST" name="testTopRatedRibbonVisibility" finished-at="2026-05-05T16:03:20 IST" duration-ms="63" status="PASS">
          <reporter-output>
          </reporter-output>
        </test-method> <!-- testTopRatedRibbonVisibility -->
        <test-method is-config="true" signature="prepareMoviesPage()[pri:0, instance:com.bms.tests.MovieDashboardTest@22ff4249]" started-at="2026-05-05T16:03:20 IST" name="prepareMoviesPage" finished-at="2026-05-05T16:03:21 IST" duration-ms="335" status="PASS">
          <reporter-output>
          </reporter-output>
        </test-method> <!-- prepareMoviesPage -->
        <test-method signature="testMovieTitleIntegrity()[pri:5, instance:com.bms.tests.MovieDashboardTest@22ff4249]" started-at="2026-05-05T16:03:21 IST" name="testMovieTitleIntegrity" finished-at="2026-05-05T16:03:21 IST" duration-ms="82" status="PASS">
          <reporter-output>
          </reporter-output>
        </test-method> <!-- testMovieTitleIntegrity -->
      </class> <!-- com.bms.tests.MovieDashboardTest -->
      <class name="com.bms.tests.HomePageTest">
        <test-method is-config="true" signature="setup()[pri:0, instance:com.bms.tests.HomePageTest@34e9fd99]" started-at="2026-05-05T16:03:10 IST" name="setup" finished-at="2026-05-05T16:03:15 IST" duration-ms="5260" status="PASS">
          <reporter-output>
          </reporter-output>
        </test-method> <!-- setup -->
        <test-method is-config="true" signature="extent()[pri:0, instance:com.bms.tests.HomePageTest@34e9fd99]" started-at="2026-05-05T16:03:15 IST" name="extent" finished-at="2026-05-05T16:03:15 IST" duration-ms="14" status="PASS">
          <reporter-output>
          </reporter-output>
        </test-method> <!-- extent -->
        <test-method is-config="true" signature="prepareHomePage()[pri:0, instance:com.bms.tests.HomePageTest@34e9fd99]" started-at="2026-05-05T16:03:15 IST" name="prepareHomePage" finished-at="2026-05-05T16:03:15 IST" duration-ms="132" status="PASS">
          <reporter-output>
          </reporter-output>
        </test-method> <!-- prepareHomePage -->
        <test-method signature="testPageTitleAndLogo()[pri:1, instance:com.bms.tests.HomePageTest@34e9fd99]" started-at="2026-05-05T16:03:15 IST" name="testPageTitleAndLogo" finished-at="2026-05-05T16:03:16 IST" duration-ms="143" status="PASS">
          <reporter-output>
          </reporter-output>
        </test-method> <!-- testPageTitleAndLogo -->
        <test-method is-config="true" signature="prepareHomePage()[pri:0, instance:com.bms.tests.HomePageTest@34e9fd99]" started-at="2026-05-05T16:03:16 IST" name="prepareHomePage" finished-at="2026-05-05T16:03:16 IST" duration-ms="105" status="PASS">
          <reporter-output>
          </reporter-output>
        </test-method> <!-- prepareHomePage -->
        <test-method signature="testSearchBarInteraction()[pri:2, instance:com.bms.tests.HomePageTest@34e9fd99]" started-at="2026-05-05T16:03:16 IST" name="testSearchBarInteraction" finished-at="2026-05-05T16:03:16 IST" duration-ms="308" status="PASS">
          <reporter-output>
          </reporter-output>
        </test-method> <!-- testSearchBarInteraction -->
        <test-method is-config="true" signature="prepareHomePage()[pri:0, instance:com.bms.tests.HomePageTest@34e9fd99]" started-at="2026-05-05T16:03:16 IST" name="prepareHomePage" finished-at="2026-05-05T16:03:16 IST" duration-ms="86" status="PASS">
          <reporter-output>
          </reporter-output>
        </test-method> <!-- prepareHomePage -->
        <test-method signature="testFooterCopyrightYear()[pri:3, instance:com.bms.tests.HomePageTest@34e9fd99]" started-at="2026-05-05T16:03:16 IST" name="testFooterCopyrightYear" finished-at="2026-05-05T16:03:16 IST" duration-ms="83" status="PASS">
          <reporter-output>
          </reporter-output>
        </test-method> <!-- testFooterCopyrightYear -->
        <test-method is-config="true" signature="prepareHomePage()[pri:0, instance:com.bms.tests.HomePageTest@34e9fd99]" started-at="2026-05-05T16:03:16 IST" name="prepareHomePage" finished-at="2026-05-05T16:03:16 IST" duration-ms="132" status="PASS">
          <reporter-output>
          </reporter-output>
        </test-method> <!-- prepareHomePage -->
        <test-method signature="testNavigationToSignIn()[pri:4, instance:com.bms.tests.HomePageTest@34e9fd99]" started-at="2026-05-05T16:03:16 IST" name="testNavigationToSignIn" finished-at="2026-05-05T16:03:17 IST" duration-ms="436" status="PASS">
          <reporter-output>
          </reporter-output>
        </test-method> <!-- testNavigationToSignIn -->
        <test-method is-config="true" signature="prepareHomePage()[pri:0, instance:com.bms.tests.HomePageTest@34e9fd99]" started-at="2026-05-05T16:03:17 IST" name="prepareHomePage" finished-at="2026-05-05T16:03:17 IST" duration-ms="128" status="PASS">
          <reporter-output>
          </reporter-output>
        </test-method> <!-- prepareHomePage -->
        <test-method signature="testMoviesLinkNavigation()[pri:5, instance:com.bms.tests.HomePageTest@34e9fd99]" started-at="2026-05-05T16:03:17 IST" name="testMoviesLinkNavigation" finished-at="2026-05-05T16:03:17 IST" duration-ms="405" status="PASS">
          <reporter-output>
          </reporter-output>
        </test-method> <!-- testMoviesLinkNavigation -->
        <test-method is-config="true" signature="tearDown()[pri:0, instance:com.bms.tests.HomePageTest@34e9fd99]" started-at="2026-05-05T16:03:32 IST" name="tearDown" finished-at="2026-05-05T16:03:40 IST" duration-ms="7509" status="PASS">
          <reporter-output>
          </reporter-output>
        </test-method> <!-- tearDown -->
      </class> <!-- com.bms.tests.HomePageTest -->
      <class name="com.bms.tests.AuthenticationTest">
        <test-method is-config="true" signature="extent()[pri:0, instance:com.bms.tests.AuthenticationTest@327514f]" started-at="2026-05-05T16:03:28 IST" name="extent" finished-at="2026-05-05T16:03:28 IST" duration-ms="0" status="PASS">
          <reporter-output>
          </reporter-output>
        </test-method> <!-- extent -->
        <test-method is-config="true" signature="preparePage()[pri:0, instance:com.bms.tests.AuthenticationTest@327514f]" started-at="2026-05-05T16:03:28 IST" name="preparePage" finished-at="2026-05-05T16:03:29 IST" duration-ms="365" status="PASS">
          <reporter-output>
          </reporter-output>
        </test-method> <!-- preparePage -->
        <test-method signature="testRegistrationTabVisibility()[pri:1, instance:com.bms.tests.AuthenticationTest@327514f]" started-at="2026-05-05T16:03:29 IST" name="testRegistrationTabVisibility" finished-at="2026-05-05T16:03:29 IST" duration-ms="85" status="PASS">
          <reporter-output>
          </reporter-output>
        </test-method> <!-- testRegistrationTabVisibility -->
        <test-method is-config="true" signature="preparePage()[pri:0, instance:com.bms.tests.AuthenticationTest@327514f]" started-at="2026-05-05T16:03:29 IST" name="preparePage" finished-at="2026-05-05T16:03:29 IST" duration-ms="279" status="PASS">
          <reporter-output>
          </reporter-output>
        </test-method> <!-- preparePage -->
        <test-method signature="testSuccessfulRegistration()[pri:2, instance:com.bms.tests.AuthenticationTest@327514f]" started-at="2026-05-05T16:03:29 IST" name="testSuccessfulRegistration" finished-at="2026-05-05T16:03:30 IST" duration-ms="1119" status="PASS">
          <reporter-output>
          </reporter-output>
        </test-method> <!-- testSuccessfulRegistration -->
        <test-method is-config="true" signature="preparePage()[pri:0, instance:com.bms.tests.AuthenticationTest@327514f]" started-at="2026-05-05T16:03:30 IST" name="preparePage" finished-at="2026-05-05T16:03:30 IST" duration-ms="243" status="PASS">
          <reporter-output>
          </reporter-output>
        </test-method> <!-- preparePage -->
        <test-method signature="testInvalidLoginErrorMessage()[pri:3, instance:com.bms.tests.AuthenticationTest@327514f]" started-at="2026-05-05T16:03:30 IST" name="testInvalidLoginErrorMessage" finished-at="2026-05-05T16:03:31 IST" duration-ms="522" status="PASS">
          <reporter-output>
          </reporter-output>
        </test-method> <!-- testInvalidLoginErrorMessage -->
        <test-method is-config="true" signature="preparePage()[pri:0, instance:com.bms.tests.AuthenticationTest@327514f]" started-at="2026-05-05T16:03:31 IST" name="preparePage" finished-at="2026-05-05T16:03:31 IST" duration-ms="212" status="PASS">
          <reporter-output>
          </reporter-output>
        </test-method> <!-- preparePage -->
        <test-method signature="testEmptyFieldsValidation()[pri:4, instance:com.bms.tests.AuthenticationTest@327514f]" started-at="2026-05-05T16:03:31 IST" name="testEmptyFieldsValidation" finished-at="2026-05-05T16:03:32 IST" duration-ms="391" status="PASS">
          <reporter-output>
          </reporter-output>
        </test-method> <!-- testEmptyFieldsValidation -->
        <test-method is-config="true" signature="preparePage()[pri:0, instance:com.bms.tests.AuthenticationTest@327514f]" started-at="2026-05-05T16:03:32 IST" name="preparePage" finished-at="2026-05-05T16:03:32 IST" duration-ms="215" status="PASS">
          <reporter-output>
          </reporter-output>
        </test-method> <!-- preparePage -->
        <test-method signature="testSuccessfullLogin()[pri:5, instance:com.bms.tests.AuthenticationTest@327514f]" started-at="2026-05-05T16:03:32 IST" name="testSuccessfullLogin" finished-at="2026-05-05T16:03:32 IST" duration-ms="424" status="PASS">
          <reporter-output>
          </reporter-output>
        </test-method> <!-- testSuccessfullLogin -->
      </class> <!-- com.bms.tests.AuthenticationTest -->
    </test> <!-- Functional Tests -->
  </suite> <!-- BMS Regression Suite -->
</testng-results>
