<?xml version="1.0" encoding="UTF-8"?>
<!-- Generated by org.testng.reporters.JUnitReportReporter -->
<testsuite hostname="LTIN718912" failures="0" tests="5" name="com.bms.tests.SportsFilterTest" time="7.661" errors="0" timestamp="2026-05-05T16:03:40 IST" skipped="0">
  <testcase classname="com.bms.tests.SportsFilterTest" name="testSportsPageNavigation" time="0.322"/>
  <testcase classname="com.bms.tests.SportsFilterTest" name="testTotalEventCount" time="0.351"/>
  <testcase classname="com.bms.tests.SportsFilterTest" name="testSearchFunctionality" time="0.663"/>
  <testcase classname="com.bms.tests.SportsFilterTest" name="testWeekendFilter" time="0.659"/>
  <testcase classname="com.bms.tests.SportsFilterTest" name="testClearAllFilters" time="5.666"/>
</testsuite> <!-- com.bms.tests.SportsFilterTest -->
