<?xml version="1.0" encoding="UTF-8"?>
<!-- Generated by org.testng.reporters.JUnitReportReporter -->
<testsuite hostname="LTIN718912" failures="0" tests="5" name="com.bms.tests.AuthenticationTest" time="3.855" errors="0" timestamp="2026-05-05T16:03:40 IST" skipped="0">
  <testcase classname="com.bms.tests.AuthenticationTest" name="testRegistrationTabVisibility" time="0.297"/>
  <testcase classname="com.bms.tests.AuthenticationTest" name="testSuccessfulRegistration" time="1.484"/>
  <testcase classname="com.bms.tests.AuthenticationTest" name="testInvalidLoginErrorMessage" time="0.737"/>
  <testcase classname="com.bms.tests.AuthenticationTest" name="testEmptyFieldsValidation" time="0.670"/>
  <testcase classname="com.bms.tests.AuthenticationTest" name="testSuccessfullLogin" time="0.667"/>
</testsuite> <!-- com.bms.tests.AuthenticationTest -->
