<?xml version="1.0" encoding="UTF-8"?>
<!-- Generated by org.testng.reporters.JUnitReportReporter -->
<testsuite hostname="LTIN718912" failures="0" tests="5" name="com.bms.tests.MovieDashboardTest" time="3.268" errors="0" timestamp="2026-05-05T16:03:40 IST" skipped="0">
  <testcase classname="com.bms.tests.MovieDashboardTest" name="testTotalMoviesDisplayed" time="0.392"/>
  <testcase classname="com.bms.tests.MovieDashboardTest" name="testSectionNavigationScroll" time="1.662"/>
  <testcase classname="com.bms.tests.MovieDashboardTest" name="testRecommendedSectionCount" time="0.334"/>
  <testcase classname="com.bms.tests.MovieDashboardTest" name="testTopRatedRibbonVisibility" time="0.398"/>
  <testcase classname="com.bms.tests.MovieDashboardTest" name="testMovieTitleIntegrity" time="0.482"/>
</testsuite> <!-- com.bms.tests.MovieDashboardTest -->
