<?xml version="1.0" encoding="UTF-8"?>
<!-- Generated by org.testng.reporters.JUnitReportReporter -->
<testsuite hostname="LTIN718912" failures="0" tests="5" name="com.bms.tests.HomePageTest" time="1.958" errors="0" timestamp="2026-05-05T16:03:40 IST" skipped="0">
  <testcase classname="com.bms.tests.HomePageTest" name="testPageTitleAndLogo" time="0.275"/>
  <testcase classname="com.bms.tests.HomePageTest" name="testSearchBarInteraction" time="0.436"/>
  <testcase classname="com.bms.tests.HomePageTest" name="testFooterCopyrightYear" time="0.188"/>
  <testcase classname="com.bms.tests.HomePageTest" name="testNavigationToSignIn" time="0.522"/>
  <testcase classname="com.bms.tests.HomePageTest" name="testMoviesLinkNavigation" time="0.537"/>
</testsuite> <!-- com.bms.tests.HomePageTest -->
